# JRE version: OpenJDK Runtime Environment (11.0.12+7) (build 11.0.12+7-b1504.28-7817840)
# Java VM: OpenJDK 64-Bit Server VM (11.0.12+7-b1504.28-7817840, mixed mode, tiered, compressed oops, g1 gc, windows-amd64)
Heap:
 garbage-first heap   total 326656K, used 179122K [0x00000000a0000000, 0x0000000100000000)
  region size 1024K, 12 young (12288K), 6 survivors (6144K)
 Metaspace       used 104750K, capacity 108328K, committed 108624K, reserved 1142784K
  class space    used 13583K, capacity 14880K, committed 14976K, reserved 1048576K
GC Heap History (20 events):
Event: 27.011 GC heap before
{Heap before GC invocations=20 (full 0):
 garbage-first heap   total 260096K, used 208084K [0x00000000a0000000, 0x0000000100000000)
  region size 1024K, 94 young (96256K), 11 survivors (11264K)
 Metaspace       used 99060K, capacity 102360K, committed 102480K, reserved 1138688K
  class space    used 13004K, capacity 14149K, committed 14208K, reserved 1048576K
}
Event: 27.019 GC heap after
{Heap after GC invocations=21 (full 0):
 garbage-first heap   total 260096K, used 128000K [0x00000000a0000000, 0x0000000100000000)
  region size 1024K, 10 young (10240K), 10 survivors (10240K)
 Metaspace       used 99060K, capacity 102360K, committed 102480K, reserved 1138688K
  class space    used 13004K, capacity 14149K, committed 14208K, reserved 1048576K
}
Event: 27.168 GC heap before
{Heap before GC invocations=21 (full 0):
 garbage-first heap   total 260096K, used 140288K [0x00000000a0000000, 0x0000000100000000)
  region size 1024K, 24 young (24576K), 10 survivors (10240K)
 Metaspace       used 99752K, capacity 103103K, committed 103376K, reserved 1138688K
  class space    used 13106K, capacity 14264K, committed 14336K, reserved 1048576K
}
Event: 27.179 GC heap after
{Heap after GC invocations=22 (full 0):
 garbage-first heap   total 260096K, used 130264K [0x00000000a0000000, 0x0000000100000000)
  region size 1024K, 7 young (7168K), 7 survivors (7168K)
 Metaspace       used 99752K, capacity 103103K, committed 103376K, reserved 1138688K
  class space    used 13106K, capacity 14264K, committed 14336K, reserved 1048576K
}
Event: 27.699 GC heap before
{Heap before GC invocations=23 (full 0):
 garbage-first heap   total 310272K, used 308440K [0x00000000a0000000, 0x0000000100000000)
  region size 1024K, 58 young (59392K), 7 survivors (7168K)
 Metaspace       used 99838K, capacity 103006K, committed 103376K, reserved 1138688K
  class space    used 13062K, capacity 14195K, committed 14336K, reserved 1048576K
}
Event: 27.706 GC heap after
{Heap after GC invocations=24 (full 0):
 garbage-first heap   total 319488K, used 232196K [0x00000000a0000000, 0x0000000100000000)
  region size 1024K, 5 young (5120K), 5 survivors (5120K)
 Metaspace       used 99838K, capacity 103006K, committed 103376K, reserved 1138688K
  class space    used 13062K, capacity 14195K, committed 14336K, reserved 1048576K
}
Event: 28.586 GC heap before
{Heap before GC invocations=24 (full 0):
 garbage-first heap   total 319488K, used 274180K [0x00000000a0000000, 0x0000000100000000)
  region size 1024K, 47 young (48128K), 5 survivors (5120K)
 Metaspace       used 101754K, capacity 105120K, committed 105424K, reserved 1140736K
  class space    used 13304K, capacity 14540K, committed 14592K, reserved 1048576K
}
Event: 28.591 GC heap after
{Heap after GC invocations=25 (full 0):
 garbage-first heap   total 319488K, used 135364K [0x00000000a0000000, 0x0000000100000000)
  region size 1024K, 6 young (6144K), 6 survivors (6144K)
 Metaspace       used 101754K, capacity 105120K, committed 105424K, reserved 1140736K
  class space    used 13304K, capacity 14540K, committed 14592K, reserved 1048576K
}
Event: 29.276 GC heap before
{Heap before GC invocations=26 (full 0):
 garbage-first heap   total 319488K, used 170180K [0x00000000a0000000, 0x0000000100000000)
  region size 1024K, 28 young (28672K), 6 survivors (6144K)
 Metaspace       used 102354K, capacity 105738K, committed 106064K, reserved 1140736K
  class space    used 13389K, capacity 14618K, committed 14720K, reserved 1048576K
}
Event: 29.281 GC heap after
{Heap after GC invocations=27 (full 0):
 garbage-first heap   total 319488K, used 150724K [0x00000000a0000000, 0x0000000100000000)
  region size 1024K, 7 young (7168K), 7 survivors (7168K)
 Metaspace       used 102354K, capacity 105738K, committed 106064K, reserved 1140736K
  class space    used 13389K, capacity 14618K, committed 14720K, reserved 1048576K
}
Event: 282.942 GC heap before
{Heap before GC invocations=28 (full 0):
 garbage-first heap   total 319488K, used 318660K [0x00000000a0000000, 0x0000000100000000)
  region size 1024K, 35 young (35840K), 7 survivors (7168K)
 Metaspace       used 103094K, capacity 106503K, committed 106576K, reserved 1140736K
  class space    used 13481K, capacity 14693K, committed 14720K, reserved 1048576K
}
Event: 282.948 GC heap after
{Heap after GC invocations=29 (full 0):
 garbage-first heap   total 326656K, used 136982K [0x00000000a0000000, 0x0000000100000000)
  region size 1024K, 5 young (5120K), 5 survivors (5120K)
 Metaspace       used 103094K, capacity 106503K, committed 106576K, reserved 1140736K
  class space    used 13481K, capacity 14693K, committed 14720K, reserved 1048576K
}
Event: 4204.945 GC heap before
{Heap before GC invocations=29 (full 0):
 garbage-first heap   total 326656K, used 222998K [0x00000000a0000000, 0x0000000100000000)
  region size 1024K, 89 young (91136K), 5 survivors (5120K)
 Metaspace       used 103346K, capacity 106761K, committed 106832K, reserved 1140736K
  class space    used 13481K, capacity 14693K, committed 14720K, reserved 1048576K
}
Event: 4204.967 GC heap after
{Heap after GC invocations=30 (full 0):
 garbage-first heap   total 326656K, used 136840K [0x00000000a0000000, 0x0000000100000000)
  region size 1024K, 5 young (5120K), 5 survivors (5120K)
 Metaspace       used 103346K, capacity 106761K, committed 106832K, reserved 1140736K
  class space    used 13481K, capacity 14693K, committed 14720K, reserved 1048576K
}
Event: 6436.058 GC heap before
{Heap before GC invocations=30 (full 0):
 garbage-first heap   total 326656K, used 229000K [0x00000000a0000000, 0x0000000100000000)
  region size 1024K, 96 young (98304K), 5 survivors (5120K)
 Metaspace       used 103719K, capacity 107137K, committed 107472K, reserved 1142784K
  class space    used 13503K, capacity 14734K, committed 14848K, reserved 1048576K
}
Event: 6436.082 GC heap after
{Heap after GC invocations=31 (full 0):
 garbage-first heap   total 326656K, used 141192K [0x00000000a0000000, 0x0000000100000000)
  region size 1024K, 10 young (10240K), 10 survivors (10240K)
 Metaspace       used 103719K, capacity 107137K, committed 107472K, reserved 1142784K
  class space    used 13503K, capacity 14734K, committed 14848K, reserved 1048576K
}
Event: 6461.075 GC heap before
{Heap before GC invocations=31 (full 0):
 garbage-first heap   total 326656K, used 236424K [0x00000000a0000000, 0x0000000100000000)
  region size 1024K, 104 young (106496K), 10 survivors (10240K)
 Metaspace       used 104411K, capacity 107865K, committed 107984K, reserved 1142784K
  class space    used 13549K, capacity 14819K, committed 14848K, reserved 1048576K
}
Event: 6461.108 GC heap after
{Heap after GC invocations=32 (full 0):
 garbage-first heap   total 326656K, used 154839K [0x00000000a0000000, 0x0000000100000000)
  region size 1024K, 13 young (13312K), 13 survivors (13312K)
 Metaspace       used 104411K, capacity 107865K, committed 107984K, reserved 1142784K
  class space    used 13549K, capacity 14819K, committed 14848K, reserved 1048576K
}
Event: 6462.574 GC heap before
{Heap before GC invocations=32 (full 0):
 garbage-first heap   total 326656K, used 191703K [0x00000000a0000000, 0x0000000100000000)
  region size 1024K, 51 young (52224K), 13 survivors (13312K)
 Metaspace       used 104746K, capacity 108328K, committed 108624K, reserved 1142784K
  class space    used 13583K, capacity 14880K, committed 14976K, reserved 1048576K
}
Event: 6462.627 GC heap after
{Heap after GC invocations=33 (full 0):
 garbage-first heap   total 326656K, used 160690K [0x00000000a0000000, 0x0000000100000000)
  region size 1024K, 6 young (6144K), 6 survivors (6144K)
 Metaspace       used 104746K, capacity 108328K, committed 108624K, reserved 1142784K
  class space    used 13583K, capacity 14880K, committed 14976K, reserved 1048576K
}

